<?xml version="1.0" encoding="UTF-8"?>
<testng-results skipped="0" failed="0" total="1" passed="1">
  <reporter-output>
    <line>
      <![CDATA[Title is matchingOrangeHRM]]>
    </line>
    <line>
      <![CDATA[List is sorted:Pass]]>
    </line>
  </reporter-output>
  <suite name="Suite" duration-ms="33755" started-at="2018-12-01T03:31:27Z" finished-at="2018-12-01T03:32:00Z">
    <groups>
    </groups>
    <test name="Test" duration-ms="33755" started-at="2018-12-01T03:31:27Z" finished-at="2018-12-01T03:32:00Z">
      <class name="scripts.TestScripts">
        <test-method status="PASS" signature="preCondition()[pri:0, instance:scripts.TestScripts@61a485d2]" name="preCondition" is-config="true" duration-ms="24938" started-at="2018-12-01T09:01:27Z" finished-at="2018-12-01T09:01:52Z">
          <reporter-output>
          </reporter-output>
        </test-method> <!-- preCondition -->
        <test-method status="PASS" signature="testSortListBox()[pri:0, instance:scripts.TestScripts@61a485d2]" name="testSortListBox" duration-ms="7211" started-at="2018-12-01T09:01:52Z" finished-at="2018-12-01T09:01:59Z">
          <reporter-output>
            <line>
              <![CDATA[Title is matchingOrangeHRM]]>
            </line>
            <line>
              <![CDATA[List is sorted:Pass]]>
            </line>
          </reporter-output>
        </test-method> <!-- testSortListBox -->
        <test-method status="PASS" signature="postCondition()[pri:0, instance:scripts.TestScripts@61a485d2]" name="postCondition" is-config="true" duration-ms="1582" started-at="2018-12-01T09:01:59Z" finished-at="2018-12-01T09:02:00Z">
          <reporter-output>
          </reporter-output>
        </test-method> <!-- postCondition -->
      </class> <!-- scripts.TestScripts -->
    </test> <!-- Test -->
  </suite> <!-- Suite -->
</testng-results>
